Removed Pin From Net: NetName=TIA_OUT Pin=U2-1
Removed Pin From Net: NetName=NetP5_1 Pin=U2-2
Removed Pin From Net: NetName=GND Pin=U2-3
Removed Pin From Net: NetName=GND Pin=U2-4
Removed Pin From Net: NetName=NetC4_1 Pin=U2-5
Removed Pin From Net: NetName=FILTERED Pin=U2-6
Removed Pin From Net: NetName=FILTERED Pin=U2-7
Removed Pin From Net: NetName=5V Pin=U2-8
Removed Pin From Net: NetName=GPIO26 Pin=U3-1
Removed Pin From Net: NetName=VGA- Pin=U3-2
Removed Pin From Net: NetName=FILTERED Pin=U3-3
Change Component Footprint: Designator=P5 Old Footprint=61300111121 New Footprint=61300111121
Change Component Footprint: Designator=P6 Old Footprint=61300111121 New Footprint=61300111121
Change Component Footprint: Designator=P15 Old Footprint=61300111121 New Footprint=61300111121
Change Component Footprint: Designator=P16 Old Footprint=61300111121 New Footprint=61300111121
Change Component Footprint: Designator=P18 Old Footprint=61300111121 New Footprint=61300111121
Change Component Footprint: Designator=P19 Old Footprint=61300111121 New Footprint=61300111121
Change Component Footprint: Designator=P20 Old Footprint=61300111121 New Footprint=61300111121
Change Component Footprint: Designator=P21 Old Footprint=61300111121 New Footprint=61300111121
Change Component Footprint: Designator=P22 Old Footprint=61300111121 New Footprint=61300111121
Change Component Footprint: Designator=P24 Old Footprint=61300111121 New Footprint=61300111121
Change Component Footprint: Designator=P7 Old Footprint=61300311121 New Footprint=61300311121
Change Component Footprint: Designator=P8 Old Footprint=61300311121 New Footprint=61300311121
Change Component Footprint: Designator=P17 Old Footprint=61300311121 New Footprint=61300311121
Change Component Footprint: Designator=P3 Old Footprint=61302011121 New Footprint=61302011121
Change Component Footprint: Designator=P4 Old Footprint=61302011121 New Footprint=61302011121
Change Component Footprint: Designator=P1 Old Footprint=61302411121 New Footprint=61302411121
Change Component Footprint: Designator=P2 Old Footprint=61302411121 New Footprint=61302411121
Change Component Footprint: Designator=P13 Old Footprint=61302411121 New Footprint=61302411121
Change Component Footprint: Designator=P14 Old Footprint=61302411121 New Footprint=61302411121
Change Component Footprint: Designator=P9 Old Footprint=62000211121 New Footprint=62000211121
Change Component Footprint: Designator=P10 Old Footprint=62000211121 New Footprint=62000211121
Change Component Footprint: Designator=P11 Old Footprint=62000211121 New Footprint=62000211121
Change Component Footprint: Designator=P12 Old Footprint=62000211121 New Footprint=62000211121
Change Component Footprint: Designator=P23 Old Footprint=62000211121 New Footprint=62000211121
Change Component Designator: OldDesignator=U3 NewDesignator=U2
Added Component: Designator=U3(PDIP300-P8)
Add component (AddParameter): Name = "Amplifier Type"; Value = "GENERAL PURPOSE"; VariantName = "[No Variations]"
Add component (AddParameter): Name = "Bandwidth"; Value = "10MHz"; VariantName = "[No Variations]"
Add component (AddParameter): Name = "Case/Package"; Value = "PDIP"; VariantName = "[No Variations]"
Add component (AddParameter): Name = "Common Mode Rejection Ratio"; Value = "70dB"; VariantName = "[No Variations]"
Add component (AddParameter): Name = "Gain Bandwidth Product"; Value = "10MHz"; VariantName = "[No Variations]"
Add component (AddParameter): Name = "Harmonic Distortion"; Value = "0.00053%"; VariantName = "[No Variations]"
Add component (AddParameter): Name = "Height"; Value = "0.195inch"; VariantName = "[No Variations]"
Add component (AddParameter): Name = "Input Bias Current"; Value = "5nA"; VariantName = "[No Variations]"
Add component (AddParameter): Name = "Input Offset Voltage (Vos)"; Value = "250uV"; VariantName = "[No Variations]"
Add component (AddParameter): Name = "Input Offset Voltage-Max"; Value = "500uV"; VariantName = "[No Variations]"
Add component (AddParameter): Name = "Lead Free"; Value = "Lead Free"; VariantName = "[No Variations]"
Add component (AddParameter): Name = "Length"; Value = "0.4inch"; VariantName = "[No Variations]"
Add component (AddParameter): Name = "Max Operating Temperature"; Value = "125°C"; VariantName = "[No Variations]"
Add component (AddParameter): Name = "Max Supply Voltage"; Value = "5.5V"; VariantName = "[No Variations]"
Add component (AddParameter): Name = "Min Operating Temperature"; Value = "-40°C"; VariantName = "[No Variations]"
Add component (AddParameter): Name = "Min Supply Voltage"; Value = "2.5V"; VariantName = "[No Variations]"
Add component (AddParameter): Name = "Mount"; Value = "Through Hole"; VariantName = "[No Variations]"
Add component (AddParameter): Name = "Nominal Supply Current"; Value = "1mA"; VariantName = "[No Variations]"
Add component (AddParameter): Name = "Number of Amplifiers"; Value = "2"; VariantName = "[No Variations]"
Add component (AddParameter): Name = "Number of Channels"; Value = "2"; VariantName = "[No Variations]"
Add component (AddParameter): Name = "Number of Circuits"; Value = "2"; VariantName = "[No Variations]"
Add component (AddParameter): Name = "Number of Elements"; Value = "2"; VariantName = "[No Variations]"
Add component (AddParameter): Name = "Number of Pins"; Value = "8"; VariantName = "[No Variations]"
Add component (AddParameter): Name = "Output Current"; Value = "22mA"; VariantName = "[No Variations]"
Add component (AddParameter): Name = "Package Quantity"; Value = "60"; VariantName = "[No Variations]"
Add component (AddParameter): Name = "Packaging"; Value = "Rail/Tube"; VariantName = "[No Variations]"
Add component (AddParameter): Name = "Power Supply Rejection Ratio (PSRR)"; Value = "74dB"; VariantName = "[No Variations]"
Add component (AddParameter): Name = "Radiation Hardening"; Value = "No"; VariantName = "[No Variations]"
Add component (AddParameter): Name = "REACH SVHC"; Value = "No SVHC"; VariantName = "[No Variations]"
Add component (AddParameter): Name = "RoHS Compliant"; Value = "Yes"; VariantName = "[No Variations]"
Add component (AddParameter): Name = "Slew Rate"; Value = "7V/µs"; VariantName = "[No Variations]"
Add component (AddParameter): Name = "Slew Rate-Nom"; Value = "7V/µs"; VariantName = "[No Variations]"
Add component (AddParameter): Name = "Supply Current"; Value = "1mA"; VariantName = "[No Variations]"
Add component (AddParameter): Name = "Technology"; Value = "CMOS"; VariantName = "[No Variations]"
Add component (AddParameter): Name = "Unity Gain Bandwidth Product"; Value = "10MHz"; VariantName = "[No Variations]"
Add component (AddParameter): Name = "Voltage Gain"; Value = "110dB"; VariantName = "[No Variations]"
Add component (AddParameter): Name = "Width"; Value = "0.28inch"; VariantName = "[No Variations]"
Added Pin To Net: NetName=TIA_OUT Pin=U2-1
Added Pin To Net: NetName=NetP5_1 Pin=U2-2
Added Pin To Net: NetName=GND Pin=U2-3
Added Pin To Net: NetName=FILTERED Pin=U3-1
Added Pin To Net: NetName=FILTERED Pin=U3-2
Added Pin To Net: NetName=NetC4_1 Pin=U3-3
Added Pin To Net: NetName=GND Pin=U3-4
Added Pin To Net: NetName=FILTERED Pin=U3-5
Added Pin To Net: NetName=VGA- Pin=U3-6
Added Pin To Net: NetName=GPIO26 Pin=U3-7
Added Pin To Net: NetName=5V Pin=U3-8
Added Room: Name=U_DemodTeensy
Added Room: Name=U_ModTeensy
Added Room: Name=U_Pico
Added Room: Name=U_Transconductance
Added Room: Name=U_Transimpedance
