Change Net Name : Old Net Name=0 New Net Name=D10
Change Net Name : Old Net Name=1 New Net Name=D11
Change Net Name : Old Net Name=2 New Net Name=M2
Change Net Name : Old Net Name=3 New Net Name=M3
Change Net Name : Old Net Name=3V3L New Net Name=M3V3L
Change Net Name : Old Net Name=3V3R New Net Name=M3V3R
Change Net Name : Old Net Name=4 New Net Name=M4
Change Net Name : Old Net Name=5 New Net Name=M5
Change Net Name : Old Net Name=6 New Net Name=M6
Change Net Name : Old Net Name=7 New Net Name=D1
Change Net Name : Old Net Name=8 New Net Name=D0
Change Net Name : Old Net Name=9 New Net Name=M9
Change Net Name : Old Net Name=10 New Net Name=DAC_CS
Change Net Name : Old Net Name=11 New Net Name=DAC_SDI
Change Net Name : Old Net Name=12 New Net Name=M12
Change Net Name : Old Net Name=13 New Net Name=DAC_SCK
Change Net Name : Old Net Name=14 New Net Name=GPIO7
Change Net Name : Old Net Name=15 New Net Name=GPIO6
Change Net Name : Old Net Name=16 New Net Name=M16
Change Net Name : Old Net Name=17 New Net Name=M17
Change Net Name : Old Net Name=18 New Net Name=M18
Change Net Name : Old Net Name=19 New Net Name=M19
Change Net Name : Old Net Name=20 New Net Name=M20
Change Net Name : Old Net Name=21 New Net Name=M21
Change Net Name : Old Net Name=22 New Net Name=M22
Change Net Name : Old Net Name=23 New Net Name=M23
Change Net Name : Old Net Name=24 New Net Name=M24
Change Net Name : Old Net Name=25 New Net Name=M25
Change Net Name : Old Net Name=26 New Net Name=M26
Change Net Name : Old Net Name=27 New Net Name=D13
Change Net Name : Old Net Name=28 New Net Name=M28
Change Net Name : Old Net Name=29 New Net Name=M29
Change Net Name : Old Net Name=30 New Net Name=M30
Change Net Name : Old Net Name=31 New Net Name=M31
Change Net Name : Old Net Name=32 New Net Name=M32
Change Net Name : Old Net Name=33 New Net Name=M33
Change Net Name : Old Net Name=34 New Net Name=M34
Change Net Name : Old Net Name=35 New Net Name=M35
Change Net Name : Old Net Name=36 New Net Name=M36
Change Net Name : Old Net Name=37 New Net Name=M37
Change Net Name : Old Net Name=38 New Net Name=M38
Change Net Name : Old Net Name=39 New Net Name=M39
Change Net Name : Old Net Name=40 New Net Name=M40
Change Net Name : Old Net Name=41 New Net Name=M41
Added Room: Name=U_DemodTeensy
Added Room: Name=U_ModTeensy
Added Room: Name=U_Pico
Added Room: Name=U_Transconductance
Added Room: Name=U_Transimpedance
