Removed Pin From Net: NetName=FILTERED Pin=P15-3
Removed Pin From Net: NetName=FILTERED Pin=U6-5
Removed Member From Class: ClassName=U_Transconductance Member=U1
Removed Member From Class: ClassName=U_Transimpedance Member=U1
Removed Member From Class: ClassName=U_Transconductance Member=U8
Removed Member From Class: ClassName=U_Transimpedance Member=U8
Removed Member From Class: ClassName=VLC Member=U8
Added Component: Designator=P26(62000211121)
Add component (AddParameter): Name = "Contact Material"; Value = "Gold"; VariantName = "[No Variations]"
Add component (AddParameter): Name = "Contact Resistance"; Value = "20mO"; VariantName = "[No Variations]"
Add component (AddParameter): Name = "Current Rating"; Value = "2A"; VariantName = "[No Variations]"
Add component (AddParameter): Name = "Gender"; Value = "Male"; VariantName = "[No Variations]"
Add component (AddParameter): Name = "Height"; Value = "6.35mm"; VariantName = "[No Variations]"
Add component (AddParameter): Name = "Lead Pitch"; Value = "2mm"; VariantName = "[No Variations]"
Add component (AddParameter): Name = "Max Operating Temperature"; Value = "105°C"; VariantName = "[No Variations]"
Add component (AddParameter): Name = "Min Operating Temperature"; Value = "-40°C"; VariantName = "[No Variations]"
Add component (AddParameter): Name = "NexarPartId"; Value = "61924778"; VariantName = "[No Variations]"
Add component (AddParameter): Name = "Number of Contacts"; Value = "2"; VariantName = "[No Variations]"
Add component (AddParameter): Name = "Number of Pins"; Value = "2"; VariantName = "[No Variations]"
Add component (AddParameter): Name = "Number of Rows"; Value = "1"; VariantName = "[No Variations]"
Add component (AddParameter): Name = "Operating Supply Voltage"; Value = "200V"; VariantName = "[No Variations]"
Add component (AddParameter): Name = "Orientation"; Value = "Vertical"; VariantName = "[No Variations]"
Add component (AddParameter): Name = "RoHS"; Value = "Non-Compliant"; VariantName = "[No Variations]"
Add component (AddParameter): Name = "Voltage Rating"; Value = "200V"; VariantName = "[No Variations]"
Added Pin To Net: NetName=FILTERED Pin=P26-1
Change Net Name : Old Net Name=FILTERED New Net Name=LPF_OUT
Added Pin To Net: NetName=FILTERED Pin=P15-3
Added Pin To Net: NetName=FILTERED Pin=P26-2
Added Pin To Net: NetName=FILTERED Pin=U6-5
Added Net: Name=FILTERED
Added Member To Class: ClassName=U_Transimpedance Member=Component C6 1uF
Added Member To Class: ClassName=U_Transimpedance Member=Component C7 100nF
Added Member To Class: ClassName=U_Transimpedance Member=Component C8 1nF
Added Member To Class: ClassName=U_Transimpedance Member=Component C13 100nF
Added Member To Class: ClassName=U_Transimpedance Member=Component C14 100nF
Added Member To Class: ClassName=U_Transimpedance Member=Component P26 62000211121
Added Member To Class: ClassName=VLC Member=Component U2 ITS428L2
Added Member To Class: ClassName=U_Transconductance Member=Component U3 MCP4811-E/P
Added Member To Class: ClassName=U_Transconductance Member=Component U4 MCP6022-E/P
Added Member To Class: ClassName=U_Transimpedance Member=Component U5 MCP6022-E/P
Added Member To Class: ClassName=U_Transimpedance Member=Component U6 MCP6022-E/P
Added Member To Class: ClassName=U_Transimpedance Member=Component U7 MCP4151-103E/P
Added Room: Name=U_DemodTeensy
Added Room: Name=U_ModTeensy
Added Room: Name=U_Pico
Added Room: Name=U_Transconductance
Added Room: Name=U_Transimpedance
